<?xml version="1.0" encoding="UTF-8"?>
<!-- Generated by org.testng.reporters.JUnitReportReporter -->
<testsuite hostname="LAPTOP-3J09PEL2" failures="0" tests="1" name="com.wakesmart.testcases.LoginPageTest" time="2.509" errors="0" timestamp="2022-12-09T00:32:31 IST" skipped="0">
  <testcase classname="com.wakesmart.testcases.LoginPageTest" name="validUserLogin" time="2.509"/>
  <system-out/>
</testsuite> <!-- com.wakesmart.testcases.LoginPageTest -->
